2026-04-24T08:00:30.832+00:00  INFO  CMD_RECV     cmd=pick rack=R-2000
2026-04-24T08:00:33.322+00:00  INFO  BARCODE      read=RB0000002000 conf=0.95 attempts=1
2026-04-24T08:00:36.630+00:00  INFO  PLACE        rack=R-2000 dest=ROVER_A
2026-04-24T08:00:36.878+00:00  INFO  REST_OUT     POST /rover/notify barcode=RB0000002000 status=BARCODE_OK rover=ROVER_A
2026-04-24T08:05:14.339+00:00  INFO  CMD_RECV     cmd=pick rack=R-2001
2026-04-24T08:05:18.134+00:00  INFO  BARCODE      read=RB0000002001 conf=0.96 attempts=1
2026-04-24T08:05:21.792+00:00  INFO  PLACE        rack=R-2001 dest=ROVER_A
2026-04-24T08:05:22.092+00:00  INFO  REST_OUT     POST /rover/notify barcode=RB0000002001 status=BARCODE_OK rover=ROVER_A
2026-04-24T08:10:24.515+00:00  INFO  CMD_RECV     cmd=pick rack=R-2002
2026-04-24T08:10:27.138+00:00  INFO  BARCODE      read=RB0000002002 conf=0.99 attempts=1
2026-04-24T08:10:32.088+00:00  INFO  PLACE        rack=R-2002 dest=ROVER_A
2026-04-24T08:10:32.276+00:00  INFO  REST_OUT     POST /rover/notify barcode=RB0000002002 status=BARCODE_OK rover=ROVER_A
2026-04-24T08:13:44.551+00:00  INFO  CMD_RECV     cmd=pick rack=R-2003
2026-04-24T08:13:48.120+00:00  INFO  BARCODE      read=RB0000002003 conf=0.96 attempts=1
2026-04-24T08:13:52.389+00:00  INFO  PLACE        rack=R-2003 dest=ROVER_A
2026-04-24T08:13:52.680+00:00  INFO  REST_OUT     POST /rover/notify barcode=RB0000002003 status=BARCODE_OK rover=ROVER_A
2026-04-24T08:17:42.521+00:00  INFO  CMD_RECV     cmd=pick rack=R-2004
2026-04-24T08:17:44.782+00:00  INFO  BARCODE      read=RB0000002004 conf=0.99 attempts=1
2026-04-24T08:17:48.267+00:00  INFO  PLACE        rack=R-2004 dest=ROVER_A
2026-04-24T08:17:48.455+00:00  INFO  REST_OUT     POST /rover/notify barcode=RB0000002004 status=BARCODE_OK rover=ROVER_A
2026-04-24T08:22:43.846+00:00  INFO  CMD_RECV     cmd=pick rack=R-2005
2026-04-24T08:22:46.537+00:00  INFO  BARCODE      read=RB0000002005 conf=0.98 attempts=1
2026-04-24T08:22:50.846+00:00  INFO  PLACE        rack=R-2005 dest=ROVER_A
2026-04-24T08:22:51.143+00:00  INFO  REST_OUT     POST /rover/notify barcode=RB0000002005 status=BARCODE_OK rover=ROVER_A
2026-04-24T08:26:53.086+00:00  INFO  CMD_RECV     cmd=pick rack=R-2006
2026-04-24T08:26:56.807+00:00  INFO  BARCODE      read=RB0000002006 conf=0.98 attempts=1
2026-04-24T08:27:02.142+00:00  INFO  PLACE        rack=R-2006 dest=ROVER_A
2026-04-24T08:27:02.286+00:00  INFO  REST_OUT     POST /rover/notify barcode=RB0000002006 status=BARCODE_OK rover=ROVER_A
2026-04-24T08:30:40.859+00:00  INFO  CMD_RECV     cmd=pick rack=R-2007
2026-04-24T08:30:44.381+00:00  INFO  BARCODE      read=RB0000002007 conf=0.96 attempts=1
2026-04-24T08:30:49.637+00:00  INFO  PLACE        rack=R-2007 dest=ROVER_A
2026-04-24T08:30:49.904+00:00  INFO  REST_OUT     POST /rover/notify barcode=RB0000002007 status=BARCODE_OK rover=ROVER_A
2026-04-24T08:35:48.233+00:00  INFO  CMD_RECV     cmd=pick rack=R-2008
2026-04-24T08:35:51.695+00:00  WARN  BARCODE      read=RB0000002008 conf=0.42 attempts=3 status=LOW_CONF
2026-04-24T08:35:57.250+00:00  INFO  PLACE        rack=R-2008 dest=ROVER_A
2026-04-24T08:35:57.516+00:00  INFO  REST_OUT     POST /rover/notify barcode=RB0000002008 status=BARCODE_OK rover=ROVER_A
2026-04-24T08:38:01.123+00:00  INFO  CMD_RECV     cmd=pick rack=R-2009
2026-04-24T08:38:03.232+00:00  INFO  BARCODE      read=RB0000002009 conf=0.95 attempts=1
2026-04-24T08:38:09.065+00:00  INFO  PLACE        rack=R-2009 dest=ROVER_A
2026-04-24T08:38:09.292+00:00  INFO  REST_OUT     POST /rover/notify barcode=RB0000002009 status=BARCODE_OK rover=ROVER_A
2026-04-24T08:42:48.308+00:00  INFO  CMD_RECV     cmd=pick rack=R-2010
2026-04-24T08:42:50.704+00:00  INFO  BARCODE      read=RB0000002010 conf=0.95 attempts=1
2026-04-24T08:42:54.379+00:00  INFO  PLACE        rack=R-2010 dest=ROVER_A
2026-04-24T08:42:54.508+00:00  INFO  REST_OUT     POST /rover/notify barcode=RB0000002010 status=BARCODE_OK rover=ROVER_A
2026-04-24T08:46:45.941+00:00  INFO  CMD_RECV     cmd=pick rack=R-2011
2026-04-24T08:46:48.044+00:00  INFO  BARCODE      read=RB0000002011 conf=0.95 attempts=1
2026-04-24T08:46:51.437+00:00  INFO  PLACE        rack=R-2011 dest=ROVER_A
2026-04-24T08:46:51.595+00:00  INFO  REST_OUT     POST /rover/notify barcode=RB0000002011 status=BARCODE_OK rover=ROVER_A
2026-04-24T08:50:13.239+00:00  INFO  CMD_RECV     cmd=pick rack=R-2012
2026-04-24T08:50:16.625+00:00  INFO  BARCODE      read=RB0000002012 conf=0.97 attempts=1
2026-04-24T08:50:22.180+00:00  INFO  PLACE        rack=R-2012 dest=ROVER_A
2026-04-24T08:50:22.451+00:00  INFO  REST_OUT     POST /rover/notify barcode=RB0000002012 status=BARCODE_OK rover=ROVER_A
2026-04-24T08:54:18.813+00:00  INFO  CMD_RECV     cmd=pick rack=R-2013
2026-04-24T08:54:22.131+00:00  INFO  BARCODE      read=RB0000002013 conf=0.98 attempts=1
2026-04-24T08:54:27.016+00:00  INFO  PLACE        rack=R-2013 dest=ROVER_A
2026-04-24T08:54:27.296+00:00  INFO  REST_OUT     POST /rover/notify barcode=RB0000002013 status=BARCODE_OK rover=ROVER_A
2026-04-24T08:58:56.414+00:00  INFO  CMD_RECV     cmd=pick rack=R-2014
2026-04-24T08:59:00.317+00:00  INFO  BARCODE      read=RB0000002014 conf=0.94 attempts=1
2026-04-24T08:59:04.428+00:00  INFO  PLACE        rack=R-2014 dest=ROVER_A
2026-04-24T08:59:04.617+00:00  INFO  REST_OUT     POST /rover/notify barcode=RB0000002014 status=BARCODE_OK rover=ROVER_A
2026-04-24T09:03:23.306+00:00  INFO  CMD_RECV     cmd=pick rack=R-2015
2026-04-24T09:03:26.368+00:00  INFO  BARCODE      read=RB0000002015 conf=0.96 attempts=1
2026-04-24T09:03:31.184+00:00  INFO  PLACE        rack=R-2015 dest=ROVER_A
2026-04-24T09:03:31.304+00:00  INFO  REST_OUT     POST /rover/notify barcode=RB0000002015 status=BARCODE_OK rover=ROVER_A
2026-04-24T09:07:48.606+00:00  INFO  CMD_RECV     cmd=pick rack=R-2016
2026-04-24T09:07:51.956+00:00  INFO  BARCODE      read=RB0000002016 conf=0.97 attempts=1
2026-04-24T09:07:56.783+00:00  INFO  PLACE        rack=R-2016 dest=ROVER_A
2026-04-24T09:07:57.015+00:00  INFO  REST_OUT     POST /rover/notify barcode=RB0000002016 status=BARCODE_OK rover=ROVER_A
2026-04-24T09:11:23.030+00:00  INFO  CMD_RECV     cmd=pick rack=R-2017
2026-04-24T09:11:25.174+00:00  INFO  BARCODE      read=RB0000002017 conf=0.98 attempts=1
2026-04-24T09:11:28.301+00:00  INFO  PLACE        rack=R-2017 dest=ROVER_A
2026-04-24T09:11:28.405+00:00  INFO  REST_OUT     POST /rover/notify barcode=RB0000002017 status=BARCODE_OK rover=ROVER_A
2026-04-24T09:16:15.494+00:00  INFO  CMD_RECV     cmd=pick rack=R-2018
2026-04-24T09:16:18.637+00:00  INFO  BARCODE      read=RB0000002018 conf=0.95 attempts=1
2026-04-24T09:16:23.452+00:00  INFO  PLACE        rack=R-2018 dest=ROVER_A
2026-04-24T09:16:23.653+00:00  INFO  REST_OUT     POST /rover/notify barcode=RB0000002018 status=BARCODE_OK rover=ROVER_A
2026-04-24T09:19:53.791+00:00  INFO  CMD_RECV     cmd=pick rack=R-2019
2026-04-24T09:19:56.122+00:00  INFO  BARCODE      read=RB0000002019 conf=0.96 attempts=1
2026-04-24T09:20:00.354+00:00  INFO  PLACE        rack=R-2019 dest=ROVER_A
2026-04-24T09:20:00.590+00:00  INFO  REST_OUT     POST /rover/notify barcode=RB0000002019 status=BARCODE_OK rover=ROVER_A
2026-04-24T09:25:13.260+00:00  INFO  CMD_RECV     cmd=pick rack=R-2020
2026-04-24T09:25:16.290+00:00  INFO  BARCODE      read=RB0000002020 conf=0.95 attempts=1
2026-04-24T09:25:19.721+00:00  INFO  PLACE        rack=R-2020 dest=ROVER_A
2026-04-24T09:25:19.907+00:00  INFO  REST_OUT     POST /rover/notify barcode=RB0000002020 status=BARCODE_OK rover=ROVER_A
2026-04-24T09:29:52.813+00:00  INFO  CMD_RECV     cmd=pick rack=R-2021
2026-04-24T09:29:54.971+00:00  INFO  BARCODE      read=RB0000002021 conf=0.97 attempts=1
2026-04-24T09:30:00.438+00:00  INFO  PLACE        rack=R-2021 dest=ROVER_A
2026-04-24T09:30:00.647+00:00  INFO  REST_OUT     POST /rover/notify barcode=RB0000002021 status=BARCODE_OK rover=ROVER_A
2026-04-24T09:34:02.315+00:00  INFO  CMD_RECV     cmd=pick rack=R-2022
2026-04-24T09:34:05.936+00:00  INFO  BARCODE      read=RB0000002022 conf=0.99 attempts=1
2026-04-24T09:34:10.939+00:00  INFO  PLACE        rack=R-2022 dest=ROVER_A
2026-04-24T09:34:11.181+00:00  INFO  REST_OUT     POST /rover/notify barcode=RB0000002022 status=BARCODE_OK rover=ROVER_A
2026-04-24T09:37:59.951+00:00  INFO  CMD_RECV     cmd=pick rack=R-2023
2026-04-24T09:38:03.863+00:00  INFO  BARCODE      read=RB0000002023 conf=0.95 attempts=1
2026-04-24T09:38:08.738+00:00  INFO  PLACE        rack=R-2023 dest=ROVER_A
2026-04-24T09:38:08.961+00:00  INFO  REST_OUT     POST /rover/notify barcode=RB0000002023 status=BARCODE_OK rover=ROVER_A
2026-04-24T09:41:42.110+00:00  INFO  CMD_RECV     cmd=pick rack=R-2024
2026-04-24T09:41:46.043+00:00  INFO  BARCODE      read=RB0000002024 conf=0.95 attempts=1
2026-04-24T09:41:50.102+00:00  INFO  PLACE        rack=R-2024 dest=ROVER_A
2026-04-24T09:41:50.212+00:00  INFO  REST_OUT     POST /rover/notify barcode=RB0000002024 status=BARCODE_OK rover=ROVER_A
2026-04-24T09:45:48.045+00:00  INFO  CMD_RECV     cmd=pick rack=R-2025
2026-04-24T09:45:50.866+00:00  INFO  BARCODE      read=RB0000002025 conf=0.98 attempts=1
2026-04-24T09:45:56.628+00:00  INFO  PLACE        rack=R-2025 dest=ROVER_A
2026-04-24T09:45:56.902+00:00  INFO  REST_OUT     POST /rover/notify barcode=RB0000002025 status=BARCODE_OK rover=ROVER_A
2026-04-24T09:48:16.192+00:00  INFO  CMD_RECV     cmd=pick rack=R-2026
2026-04-24T09:48:20.188+00:00  INFO  BARCODE      read=RB0000002026 conf=0.96 attempts=1
2026-04-24T09:48:24.319+00:00  INFO  PLACE        rack=R-2026 dest=ROVER_A
2026-04-24T09:48:24.610+00:00  INFO  REST_OUT     POST /rover/notify barcode=RB0000002026 status=BARCODE_OK rover=ROVER_A
2026-04-24T09:51:57.993+00:00  INFO  CMD_RECV     cmd=pick rack=R-2027
2026-04-24T09:52:00.065+00:00  INFO  BARCODE      read=RB0000002027 conf=0.98 attempts=1
2026-04-24T09:52:05.429+00:00  INFO  PLACE        rack=R-2027 dest=ROVER_A
2026-04-24T09:52:05.567+00:00  INFO  REST_OUT     POST /rover/notify barcode=RB0000002027 status=BARCODE_OK rover=ROVER_A
2026-04-24T09:56:34.791+00:00  INFO  CMD_RECV     cmd=pick rack=R-2028
2026-04-24T09:56:37.684+00:00  INFO  BARCODE      read=RB0000002028 conf=0.98 attempts=1
2026-04-24T09:56:40.919+00:00  INFO  PLACE        rack=R-2028 dest=ROVER_A
2026-04-24T09:56:41.131+00:00  INFO  REST_OUT     POST /rover/notify barcode=RB0000002028 status=BARCODE_OK rover=ROVER_A
2026-04-24T10:01:23.120+00:00  INFO  CMD_RECV     cmd=pick rack=R-2029
2026-04-24T10:01:25.254+00:00  INFO  BARCODE      read=RB0000002029 conf=0.97 attempts=1
2026-04-24T10:01:29.594+00:00  INFO  PLACE        rack=R-2029 dest=ROVER_A
2026-04-24T10:01:29.828+00:00  INFO  REST_OUT     POST /rover/notify barcode=RB0000002029 status=BARCODE_OK rover=ROVER_A
